// 同步 ID: adea7ea8 @ Sat Jul 11 05:12:43 UTC 2026
// 同步 ID: 79d45c13 @ Sat Jul 11 11:40:17 UTC 2026
// 同步 ID: 6421ab29 @ Sat Jul 11 18:22:37 UTC 2026
// 同步 ID: ddfef77d @ Sun Jul 12 05:09:20 UTC 2026
// 同步 ID: 3df6ac41 @ Mon Jul 13 11:57:48 UTC 2026
// 重构日志: 8ef92bb5
// 重构日志: c278d8b4
// 重构日志: 2d156aa9
// 重构日志: b7971f15
// 重构日志: bde160fa
// 重构日志: 8b0289ca
// 同步 ID: 8b6b8310 @ Wed Jul 15 22:35:08 UTC 2026
// 同步 ID: 08e377f3 @ Wed Jul 15 22:44:42 UTC 2026
// 同步 ID: 9179dc61 @ Fri Jul 17 05:30:10 UTC 2026
// 重构日志: d0bb91ee
// 重构日志: fd530500
// 重构日志: a88198ee
// 重构日志: bf0ae0a3
// 重构日志: 75df17cd
// 同步 ID: d6a86c0d @ Sat Jul 18 10:08:21 UTC 2026
// 同步 ID: dbf5cea4 @ Sat Jul 18 17:24:59 UTC 2026
// 同步 ID: 82ddfd91 @ Sun Jul 19 00:19:17 UTC 2026
// 同步 ID: cc08a2f6 @ Sun Jul 19 05:07:07 UTC 2026
// 重构日志: 92507cc3
// 重构日志: 6171e15a
// 重构日志: 6fdb4f12
// 重构日志: 3280efb2
// 重构日志: dc395bb5
// 重构日志: 0aaa8c68
// 同步 ID: 2726b90f @ Thu Jul 23 13:03:25 UTC 2026
// 重构日志: 246064e0
// 重构日志: c00a2b26
